2024-02-23 14:26:10,104 DEBUG    root            Loaded Command Group: ['gcloud', 'components']
2024-02-23 14:26:10,106 DEBUG    root            Loaded Command Group: ['gcloud', 'components', 'update']
2024-02-23 14:26:10,109 DEBUG    root            Running [gcloud.components.update] with arguments: [--quiet: "True", COMPONENT-IDS:8: "['gcloud', 'core', 'bq', 'gsutil', 'compute', 'preview', 'alpha', 'beta']"]
2024-02-23 14:26:10,110 INFO     ___FILE_ONLY___ Beginning update. This process may take several minutes.

2024-02-23 14:26:10,115 DEBUG    urllib3.connectionpool Starting new HTTPS connection (1): dl.google.com:443
2024-02-23 14:26:10,180 DEBUG    urllib3.connectionpool https://dl.google.com:443 "GET /dl/cloudsdk/channels/rapid/components-2.json HTTP/1.1" 200 214445
2024-02-23 14:26:10,203 WARNING  root            Component [compute] no longer exists.
2024-02-23 14:26:10,203 WARNING  root            Component [preview] no longer exists.
2024-02-23 14:26:10,204 INFO     ___FILE_ONLY___ 

2024-02-23 14:26:10,205 INFO     ___FILE_ONLY___ 
Your current Google Cloud CLI version is: 465.0.0

2024-02-23 14:26:10,205 INFO     ___FILE_ONLY___ Installing components from version: 465.0.0

2024-02-23 14:26:10,205 INFO     ___FILE_ONLY___ 

2024-02-23 14:26:10,205 DEBUG    root            Chosen display Format:table[box,title="These components will be removed."](details.display_name:label=Name:align=left,version.version_string:label=Version:align=right,data.size.size(zero="",min=1048576):label=Size:align=right)
2024-02-23 14:26:10,206 DEBUG    root            Chosen display Format:table[box,title="These components will be updated."](details.display_name:label=Name:align=left,version.version_string:label=Version:align=right,data.size.size(zero="",min=1048576):label=Size:align=right)
2024-02-23 14:26:10,207 DEBUG    root            Chosen display Format:table[box,title="These components will be installed."](details.display_name:label=Name:align=left,version.version_string:label=Version:align=right,data.size.size(zero="",min=1048576):label=Size:align=right)
2024-02-23 14:26:10,209 INFO     ___FILE_ONLY___ ┌──────────────────────────────────────────────┐
2024-02-23 14:26:10,209 INFO     ___FILE_ONLY___ 

2024-02-23 14:26:10,209 INFO     ___FILE_ONLY___ │     These components will be installed.      │
2024-02-23 14:26:10,209 INFO     ___FILE_ONLY___ 

2024-02-23 14:26:10,209 INFO     ___FILE_ONLY___ ├───────────────────────┬────────────┬─────────┤
2024-02-23 14:26:10,209 INFO     ___FILE_ONLY___ 

2024-02-23 14:26:10,209 INFO     ___FILE_ONLY___ │          Name         │  Version   │   Size  │
2024-02-23 14:26:10,209 INFO     ___FILE_ONLY___ 

2024-02-23 14:26:10,209 INFO     ___FILE_ONLY___ ├───────────────────────┼────────────┼─────────┤
2024-02-23 14:26:10,209 INFO     ___FILE_ONLY___ 

2024-02-23 14:26:10,209 INFO     ___FILE_ONLY___ │ 
2024-02-23 14:26:10,209 INFO     ___FILE_ONLY___ gcloud Alpha Commands
2024-02-23 14:26:10,210 INFO     ___FILE_ONLY___  
2024-02-23 14:26:10,210 INFO     ___FILE_ONLY___ │ 
2024-02-23 14:26:10,210 INFO     ___FILE_ONLY___ 2024.02.16
2024-02-23 14:26:10,210 INFO     ___FILE_ONLY___  
2024-02-23 14:26:10,210 INFO     ___FILE_ONLY___ │ 
2024-02-23 14:26:10,210 INFO     ___FILE_ONLY___ < 1 MiB
2024-02-23 14:26:10,210 INFO     ___FILE_ONLY___  
2024-02-23 14:26:10,210 INFO     ___FILE_ONLY___ │
2024-02-23 14:26:10,210 INFO     ___FILE_ONLY___ 

2024-02-23 14:26:10,210 INFO     ___FILE_ONLY___ │ 
2024-02-23 14:26:10,210 INFO     ___FILE_ONLY___ gcloud Beta Commands 
2024-02-23 14:26:10,210 INFO     ___FILE_ONLY___  
2024-02-23 14:26:10,210 INFO     ___FILE_ONLY___ │ 
2024-02-23 14:26:10,210 INFO     ___FILE_ONLY___ 2024.02.16
2024-02-23 14:26:10,211 INFO     ___FILE_ONLY___  
2024-02-23 14:26:10,211 INFO     ___FILE_ONLY___ │ 
2024-02-23 14:26:10,211 INFO     ___FILE_ONLY___ < 1 MiB
2024-02-23 14:26:10,211 INFO     ___FILE_ONLY___  
2024-02-23 14:26:10,211 INFO     ___FILE_ONLY___ │
2024-02-23 14:26:10,211 INFO     ___FILE_ONLY___ 

2024-02-23 14:26:10,211 INFO     ___FILE_ONLY___ └───────────────────────┴────────────┴─────────┘
2024-02-23 14:26:10,211 INFO     ___FILE_ONLY___ 

2024-02-23 14:26:10,211 INFO     ___FILE_ONLY___ 

2024-02-23 14:26:10,215 DEBUG    urllib3.connectionpool Starting new HTTPS connection (1): dl.google.com:443
2024-02-23 14:26:10,276 DEBUG    urllib3.connectionpool https://dl.google.com:443 "GET /dl/cloudsdk/channels/rapid/RELEASE_NOTES HTTP/1.1" 200 1158130
2024-02-23 14:26:10,346 INFO     ___FILE_ONLY___ For the latest full release notes, please visit:
  https://cloud.google.com/sdk/release_notes


2024-02-23 14:26:10,349 INFO     ___FILE_ONLY___ ╔════════════════════════════════════════════════════════════╗

2024-02-23 14:26:10,349 INFO     ___FILE_ONLY___ ╠═ Creating update staging area                             ═╣

2024-02-23 14:26:10,349 INFO     ___FILE_ONLY___ ╚
2024-02-23 14:26:10,349 INFO     ___FILE_ONLY___ ══════
2024-02-23 14:26:11,077 INFO     ___FILE_ONLY___ ══════
2024-02-23 14:26:11,078 INFO     ___FILE_ONLY___ ══════
2024-02-23 14:26:11,424 INFO     ___FILE_ONLY___ ═
2024-02-23 14:26:11,497 INFO     ___FILE_ONLY___ ═
2024-02-23 14:26:11,573 INFO     ___FILE_ONLY___ ═
2024-02-23 14:26:11,667 INFO     ___FILE_ONLY___ ═
2024-02-23 14:26:11,839 INFO     ___FILE_ONLY___ ═
2024-02-23 14:26:11,984 INFO     ___FILE_ONLY___ ═
2024-02-23 14:26:12,095 INFO     ___FILE_ONLY___ ═
2024-02-23 14:26:12,182 INFO     ___FILE_ONLY___ ═
2024-02-23 14:26:12,417 INFO     ___FILE_ONLY___ ═
2024-02-23 14:26:12,565 INFO     ___FILE_ONLY___ ═
2024-02-23 14:26:12,739 INFO     ___FILE_ONLY___ ═
2024-02-23 14:26:13,390 INFO     ___FILE_ONLY___ ═
2024-02-23 14:26:13,468 INFO     ___FILE_ONLY___ ═
2024-02-23 14:26:13,538 INFO     ___FILE_ONLY___ ═
2024-02-23 14:26:13,613 INFO     ___FILE_ONLY___ ═
2024-02-23 14:26:13,681 INFO     ___FILE_ONLY___ ═
2024-02-23 14:26:13,784 INFO     ___FILE_ONLY___ ═
2024-02-23 14:26:13,855 INFO     ___FILE_ONLY___ ═
2024-02-23 14:26:13,926 INFO     ___FILE_ONLY___ ═
2024-02-23 14:26:13,988 INFO     ___FILE_ONLY___ ═
2024-02-23 14:26:14,049 INFO     ___FILE_ONLY___ ═
2024-02-23 14:26:14,121 INFO     ___FILE_ONLY___ ═
2024-02-23 14:26:14,216 INFO     ___FILE_ONLY___ ═
2024-02-23 14:26:14,316 INFO     ___FILE_ONLY___ ═
2024-02-23 14:26:14,401 INFO     ___FILE_ONLY___ ═
2024-02-23 14:26:14,464 INFO     ___FILE_ONLY___ ═
2024-02-23 14:26:14,549 INFO     ___FILE_ONLY___ ═
2024-02-23 14:26:14,631 INFO     ___FILE_ONLY___ ═
2024-02-23 14:26:14,707 INFO     ___FILE_ONLY___ ═
2024-02-23 14:26:14,785 INFO     ___FILE_ONLY___ ═
2024-02-23 14:26:14,871 INFO     ___FILE_ONLY___ ═
2024-02-23 14:26:14,941 INFO     ___FILE_ONLY___ ═
2024-02-23 14:26:15,007 INFO     ___FILE_ONLY___ ═
2024-02-23 14:26:15,074 INFO     ___FILE_ONLY___ ═
2024-02-23 14:26:15,132 INFO     ___FILE_ONLY___ ═
2024-02-23 14:26:15,278 INFO     ___FILE_ONLY___ ═
2024-02-23 14:26:15,382 INFO     ___FILE_ONLY___ ═
2024-02-23 14:26:15,483 INFO     ___FILE_ONLY___ ═
2024-02-23 14:26:15,569 INFO     ___FILE_ONLY___ ═
2024-02-23 14:26:15,619 INFO     ___FILE_ONLY___ ═
2024-02-23 14:26:15,662 INFO     ___FILE_ONLY___ ═
2024-02-23 14:26:15,706 INFO     ___FILE_ONLY___ ═
2024-02-23 14:26:15,707 INFO     ___FILE_ONLY___ ╝

2024-02-23 14:26:18,135 INFO     ___FILE_ONLY___ ╔════════════════════════════════════════════════════════════╗

2024-02-23 14:26:18,135 INFO     ___FILE_ONLY___ ╠═ Installing: gcloud Alpha Commands                        ═╣

2024-02-23 14:26:18,135 INFO     ___FILE_ONLY___ ╚
2024-02-23 14:26:18,139 DEBUG    urllib3.connectionpool Starting new HTTPS connection (1): dl.google.com:443
2024-02-23 14:26:18,199 DEBUG    urllib3.connectionpool https://dl.google.com:443 "GET /dl/cloudsdk/channels/rapid/components/google-cloud-sdk-alpha-20240216153112.tar.gz HTTP/1.1" 200 800
2024-02-23 14:26:18,199 INFO     ___FILE_ONLY___ ══════════════════════════════
2024-02-23 14:26:18,201 INFO     ___FILE_ONLY___ ══════════════════════════════
2024-02-23 14:26:18,201 INFO     ___FILE_ONLY___ ╝

2024-02-23 14:26:18,209 INFO     ___FILE_ONLY___ ╔════════════════════════════════════════════════════════════╗

2024-02-23 14:26:18,209 INFO     ___FILE_ONLY___ ╠═ Installing: gcloud Beta Commands                         ═╣

2024-02-23 14:26:18,209 INFO     ___FILE_ONLY___ ╚
2024-02-23 14:26:18,213 DEBUG    urllib3.connectionpool Starting new HTTPS connection (1): dl.google.com:443
2024-02-23 14:26:18,268 DEBUG    urllib3.connectionpool https://dl.google.com:443 "GET /dl/cloudsdk/channels/rapid/components/google-cloud-sdk-beta-20240216153112.tar.gz HTTP/1.1" 200 797
2024-02-23 14:26:18,268 INFO     ___FILE_ONLY___ ══════════════════════════════
2024-02-23 14:26:18,269 INFO     ___FILE_ONLY___ ══════════════════════════════
2024-02-23 14:26:18,269 INFO     ___FILE_ONLY___ ╝

2024-02-23 14:26:18,277 INFO     ___FILE_ONLY___ ╔════════════════════════════════════════════════════════════╗

2024-02-23 14:26:18,277 INFO     ___FILE_ONLY___ ╠═ Creating backup and activating new installation          ═╣

2024-02-23 14:26:18,278 INFO     ___FILE_ONLY___ ╚
2024-02-23 14:26:18,278 DEBUG    root            Attempting to move directory [/tools/google-cloud-sdk] to [/tools/google-cloud-sdk.staging/.install/.backup]
2024-02-23 14:26:18,278 INFO     ___FILE_ONLY___ ══════════════════════════════
2024-02-23 14:26:18,278 DEBUG    root            Attempting to move directory [/tools/google-cloud-sdk.staging] to [/tools/google-cloud-sdk]
2024-02-23 14:26:18,278 INFO     ___FILE_ONLY___ ══════════════════════════════
2024-02-23 14:26:18,278 INFO     ___FILE_ONLY___ ╝

2024-02-23 14:26:18,282 DEBUG    root            Updating notification cache...
2024-02-23 14:26:18,283 INFO     ___FILE_ONLY___ 

2024-02-23 14:26:18,285 INFO     ___FILE_ONLY___ Performing post processing steps...
2024-02-23 14:26:18,285 DEBUG    root            Executing command: ['python3', '-S', '/tools/google-cloud-sdk/lib/gcloud.py', 'components', 'post-process']
2024-02-23 14:26:28,497 DEBUG    ___FILE_ONLY___ 
2024-02-23 14:26:28,498 DEBUG    ___FILE_ONLY___ 
2024-02-23 14:26:28,551 INFO     ___FILE_ONLY___ 
Update done!


2024-02-23 14:26:28,555 DEBUG    root            Chosen display Format:none
2024-02-23 14:26:28,555 INFO     root            Display format: "none"
